Using pre-set license
Built from '2020.2/staging' branch; Version is '2020.2.7f1 (c53830e277f1) revision 12924976'; Using compiler version '192528614'; Build Type 'Release'
OS: 'Windows 10 Pro; OS build 17134.1304; Version 1803; 64bit' Language: 'en' Physical Memory: 12240 MB
BatchMode: 1, IsHumanControllingUs: 0, StartBugReporterOnCrash: 0, Is64bit: 1, IsPro: 0

 COMMAND LINE ARGUMENTS:
C:\Program Files\Unity\Hub\Editor\2020.2.7f1\Editor\Unity.exe
-adb2
-batchMode
-noUpm
-name
AssetImportWorker0
-projectPath
D:/unity/AntDom/AntDom
-logFile
Logs/AssetImportWorker0.log
-srvPort
55279
Successfully changed project path to: D:/unity/AntDom/AntDom
D:/unity/AntDom/AntDom
Using Asset Import Pipeline V2.
Refreshing native plugins compatible for Editor in 41.91 ms, found 1 plugins.
Preloading 0 native plugins for Editor in 0.00 ms.
Initialize engine version: 2020.2.7f1 (c53830e277f1)
[Subsystems] Discovering subsystems at path C:/Program Files/Unity/Hub/Editor/2020.2.7f1/Editor/Data/Resources/UnitySubsystems
[Subsystems] Discovering subsystems at path D:/unity/AntDom/AntDom/Assets
GfxDevice: creating device client; threaded=0
Direct3D:
    Version:  Direct3D 11.0 [level 11.1]
    Renderer: Radeon RX 580 Series (ID=0x67df)
    Vendor:   
    VRAM:     8172 MB
    Driver:   26.20.15019.1003
Initialize mono
Mono path[0] = 'C:/Program Files/Unity/Hub/Editor/2020.2.7f1/Editor/Data/Managed'
Mono path[1] = 'C:/Program Files/Unity/Hub/Editor/2020.2.7f1/Editor/Data/MonoBleedingEdge/lib/mono/unityjit'
Mono config path = 'C:/Program Files/Unity/Hub/Editor/2020.2.7f1/Editor/Data/MonoBleedingEdge/etc'
Using monoOptions --debugger-agent=transport=dt_socket,embedding=1,server=y,suspend=n,address=127.0.0.1:56948
Begin MonoManager ReloadAssembly
Registering precompiled unity dll's ...
Register platform support module: C:/Program Files/Unity/Hub/Editor/2020.2.7f1/Editor/Data/PlaybackEngines/WindowsStandaloneSupport/UnityEditor.WindowsStandalone.Extensions.dll
Registered in 0.001522 seconds.
Native extension for WindowsStandalone target not found
Refreshing native plugins compatible for Editor in 41.57 ms, found 1 plugins.
Preloading 0 native plugins for Editor in 0.00 ms.
Invoked RoslynAnalysisRunner static constructor.
RoslynAnalysisRunner will not be running.
RoslynAnalysisRunner has terminated.
Mono: successfully reloaded assembly
- Completed reload, in  1.324 seconds
Platform modules already initialized, skipping
Registering precompiled user dll's ...
Registered in 0.001167 seconds.
Begin MonoManager ReloadAssembly
Native extension for WindowsStandalone target not found
Refreshing native plugins compatible for Editor in 40.85 ms, found 1 plugins.
Preloading 0 native plugins for Editor in 0.00 ms.
Invoked RoslynAnalysisRunner static constructor.
RoslynAnalysisRunner will not be running.
RoslynAnalysisRunner has terminated.
Mono: successfully reloaded assembly
- Completed reload, in  1.063 seconds
Platform modules already initialized, skipping
========================================================================
Worker process is ready to serve import requests
Launched and connected shader compiler UnityShaderCompiler.exe after 0.04 seconds
Refreshing native plugins compatible for Editor in 0.40 ms, found 1 plugins.
Preloading 0 native plugins for Editor in 0.00 ms.
Unloading 1806 Unused Serialized files (Serialized files now loaded: 0)
System memory in use before: 84.5 MB.
System memory in use after: 84.5 MB.

Unloading 24 unused Assets to reduce memory usage. Loaded Objects now: 2248.
Total: 2.382388 ms (FindLiveObjects: 0.247184 ms CreateObjectMapping: 0.070212 ms MarkObjects: 1.920081 ms  DeleteObjects: 0.143309 ms)

========================================================================
Received Import Request.
  path: Assets/Scripts
  artifactKey: Guid(8e1aa73582640de4099ab48599efe1fd) Importer(815301076,1909f56bfc062723c751e8b465ee728b)
Start importing Assets/Scripts using Guid(8e1aa73582640de4099ab48599efe1fd) Importer(815301076,1909f56bfc062723c751e8b465ee728b)  -> (artifact id: 'd3c43e57b25405cacf66b56d26cffb64') in 0.018438 seconds
  Import took 0.076124 seconds .

========================================================================
Received Import Request.
  Time since last request: 1.789400 seconds.
  path: Assets/Scenes
  artifactKey: Guid(4dfb5df497da122499d5957dfe149918) Importer(815301076,1909f56bfc062723c751e8b465ee728b)
Start importing Assets/Scenes using Guid(4dfb5df497da122499d5957dfe149918) Importer(815301076,1909f56bfc062723c751e8b465ee728b)  -> (artifact id: 'd782be53526eedc124a6943aa6b34330') in 0.006841 seconds
  Import took 0.010115 seconds .

========================================================================
Received Import Request.
  Time since last request: 0.001679 seconds.
  path: Assets/Scenes
  artifactKey: Guid(4dfb5df497da122499d5957dfe149918) Importer(815301076,1909f56bfc062723c751e8b465ee728b)
Start importing Assets/Scenes using Guid(4dfb5df497da122499d5957dfe149918) Importer(815301076,1909f56bfc062723c751e8b465ee728b)  -> (artifact id: 'd782be53526eedc124a6943aa6b34330') in 0.006272 seconds
  Import took 0.017280 seconds .

========================================================================
Received Import Request.
  Time since last request: 6.337580 seconds.
  path: Assets/Scenes/Menu.unity
  artifactKey: Guid(83b19921131176f418aa3e9992597f60) Importer(815301076,1909f56bfc062723c751e8b465ee728b)
Start importing Assets/Scenes/Menu.unity using Guid(83b19921131176f418aa3e9992597f60) Importer(815301076,1909f56bfc062723c751e8b465ee728b)  -> (artifact id: '39983af4418c5c90664d14583dbe61d6') in 0.014747 seconds
  Import took 0.061405 seconds .

